ISim log file
Running: E:\homework\CC\verilog_pipeline\pipeline_nolayer\test_isim_beh.exe -intstyle ise -gui -tclbatch isim.cmd -wdb E:/homework/CC/verilog_pipeline/pipeline_nolayer/test_isim_beh.wdb 
ISim P.20131013 (signature 0x7708f090)
----------------------------------------------------------------------
WARNING:Security:42 - Your software subscription period has lapsed. Your current version of Xilinx tools will continue to function, but you no longer qualify for Xilinx software updates or new releases.


----------------------------------------------------------------------
This is a Full version of ISim.
Time resolution is 1 ps
# onerror resume
# wave add /
# run 1000 ns
Simulator is doing circuit initialization process.
Finished circuit initialization process.
                  90@00003000: $ 9 <= 00001111
                 110@00003004: $ 2 <= 00000004
                 130@00003008: $ 3 <= 00000004
                 150@0000300c: $ 4 <= 00000008
                 150@00003010: *00000000 <= 00000008
                 190@00003014: $ 4 <= 00000004
                 190@00003018: *00000004 <= 00000004
                 230@0000301c: $ 4 <= 87650000
                 250@00003020: $ 4 <= 87654321
                 250@00003024: *00000008 <= 87654321
                 290@00003028: $ 1 <= 00000000
                 310@0000302c: $ 4 <= 00000004
                 330@00003030: $ 1 <= 00000000
                 350@00003034: $ 4 <= 00000004
                 370@00003038: $ 1 <= 00000000
                 410@00003040: $ 4 <= 00000004
                 430@00003044: $ 1 <= 00000000
                 470@0000304c: $ 4 <= 00000004
                 490@00003050: $ 1 <= 000003ec
                 510@00003054: $ 4 <= 000003f0
                 530@00003058: $ 1 <= 000003ec
                 550@0000305c: $ 4 <= 000003f0
                 570@00003060: $ 1 <= 000003ec
                 610@00003068: $ 4 <= 000003f0
                 630@0000306c: $ 1 <= 000003ec
                 670@00003074: $ 4 <= 000003f0
                 690@00003078: $ 1 <= 00000008
                 730@0000307c: $ 4 <= 0000000c
                 750@00003080: $ 1 <= 00000008
                 790@00003084: $ 4 <= 0000000c
                 810@00003088: $ 1 <= 00000008
                 850@00003090: $ 4 <= 0000000c
                 870@00003094: $ 1 <= 00000008
                 910@0000309c: $ 4 <= 0000000c
                 930@000030a0: $ 1 <= 00000008
                 970@000030a8: $ 4 <= 0000000c
                 990@000030ac: $ 1 <= 00000008
# run 1.00us
                1010@000030b0: $ 4 <= 00000004
                1030@000030b4: $ 1 <= 00000008
                1050@000030b8: $ 4 <= fffffffc
                1070@000030bc: $ 1 <= 00000008
                1110@000030c4: $ 4 <= 00000004
                1130@000030c8: $ 1 <= 00000008
                1170@000030d0: $ 4 <= fffffffc
                1190@000030d4: $ 1 <= 000003ec
                1210@000030d8: $ 4 <= fffffc18
                1230@000030dc: $ 1 <= 000003ec
                1250@000030e0: $ 4 <= 000003e8
                1270@000030e4: $ 1 <= 000003ec
                1310@000030ec: $ 4 <= 000003e8
                1330@000030f0: $ 1 <= 000003ec
                1370@000030f8: $ 4 <= fffffc18
                1390@000030fc: $ 1 <= 00000008
                1430@00003100: $ 4 <= 00000004
                1450@00003104: $ 1 <= 00000008
                1490@00003108: $ 4 <= fffffffc
                1510@0000310c: $ 1 <= 00000008
                1550@00003114: $ 4 <= 00000004
                1570@00003118: $ 1 <= 00000008
                1590@0000311c: $ 4 <= 0000006c
                1610@00003120: $ 1 <= 00000008
                1650@00003128: $ 4 <= 0000006c
                1670@0000312c: $ 1 <= 000001f4
                1690@00003130: $ 4 <= 000001f4
                1710@00003134: $ 1 <= 000001f4
                1750@0000313c: $ 4 <= 000001f4
                1770@00003140: $ 1 <= 00000008
                1810@00003144: $ 4 <= 0000006c
                1830@00003148: $ 1 <= 00000008
                1870@00003150: $ 4 <= 0000006c
                1890@00003154: $ 1 <= 00000008
                1910@00003158: $ 4 <= 87654321
                1930@0000315c: $ 1 <= 00000000
                1970@00003164: $ 4 <= 00000008
                1990@00003168: $ 1 <= 00000004
# run 1.00us
                2010@0000316c: $ 4 <= 00000004
                2030@00003170: $ 1 <= 00000004
                2070@00003178: $ 4 <= 00000004
                2090@0000317c: $ 1 <= 00000008
                2130@00003180: $ 4 <= 87654321
                2150@00003184: $ 1 <= 00000004
                2190@0000318c: $ 4 <= 00000004
                2210@00003190: $ 1 <= 00000008
                2210@00003194: *00000008 <= 00000004
                2250@00003198: $ 1 <= 00000000
                2250@0000319c: *00000000 <= 00000000
                2290@000031a0: $ 1 <= 00000000
                2310@000031a8: *00000000 <= 00000004
                2350@000031ac: $ 1 <= 00000000
                2370@000031b4: *00000000 <= 00000000
                2410@000031b8: $ 1 <= 000003ec
                2410@000031bc: *000003ec <= 00000004
                2450@000031c0: $ 1 <= 000003ec
                2450@000031c4: *00000000 <= 000003ec
                2490@000031c8: $ 1 <= 000003ec
                2510@000031d0: *000003ec <= 00000004
                2550@000031d4: $ 1 <= 000003ec
                2570@000031dc: *00000000 <= 000003ec
                2610@000031e0: $ 1 <= 000003ec
                2630@000031e4: *000003ec <= 00000004
                2670@000031e8: $ 1 <= 000003ec
                2670@000031ec: *00000000 <= 000003ec
                2710@000031f0: $ 1 <= 000003ec
                2730@000031f8: *000003ec <= 00000004
                2770@000031fc: $ 1 <= 000003ec
                2790@00003204: *00000000 <= 000003ec
                2830@00003208: $ 1 <= 00000000
                2890@00003220: *0000000c <= 00000000
                2970@0000322c: $ 1 <= 00000000
# run 1.00us
                3030@00003234: $ 1 <= 00000000
                3030@00003240: *00000010 <= 00000000
                3110@0000324c: $ 1 <= 00000000
                3170@00003258: $ 1 <= 00000000
                3170@00003268: *00000014 <= 00000000
                3250@00003274: $ 1 <= 00000000
                3310@00003294: *00000018 <= 00000000
                3390@000032a0: $ 1 <= 000003ec
                3470@000032ac: $ 1 <= 000003ec
                3530@000032b8: *0000001c <= 000003ec
                3610@000032c4: $ 1 <= 000003ec
                3690@000032d0: $ 1 <= 000003ec
                3750@000032dc: *00000020 <= 000003ec
                3830@000032e8: $ 1 <= 000003ec
                3910@000032f8: $ 1 <= 000003ec
                3970@00003308: *00000024 <= 000003ec
# run 1.00us
                4050@00003314: $ 1 <= 000003ec
                4130@00003324: $ 1 <= 000003ec
                4190@00003334: *00000028 <= 000003ec
                4270@00003340: $ 1 <= 000003ec
                4370@0000334c: $ 1 <= 000003ec
                4450@00003358: *0000002c <= 000003ec
                4530@00003364: $ 1 <= 000003ec
                4630@00003370: $ 1 <= 000003ec
                4710@0000337c: *00000030 <= 000003ec
                4790@00003388: $ 1 <= 000003ec
                4890@00003398: $ 1 <= 000003ec
                4970@000033a8: *00000034 <= 000003ec
# run 1.00us
                5050@000033b4: $ 1 <= 000003ec
                5150@000033c4: $ 1 <= 000003ec
                5230@000033d4: *00000038 <= 000003ec
# run 1.00us
